flic2unitySample/Temp/gradleOut/launcher/build/intermediates/manifest_merge_blame_file/debug/manifest-merger-blame-debug-report.txt
1<?xml version="1.0" encoding="utf-8"?>
2<!-- GENERATED BY UNITY. REMOVE THIS COMMENT TO PREVENT OVERWRITING WHEN EXPORTING AGAIN -->
3<manifest xmlns:android="http://schemas.android.com/apk/res/android"
4    package="com.DefaultCompany.NewUnityProject"
5    android:installLocation="preferExternal"
6    android:versionCode="1"
7    android:versionName="0.1" >
8
9    <uses-sdk
10        android:minSdkVersion="19"
10-->src/main/AndroidManifest.xml
11        android:targetSdkVersion="28" />
11-->src/main/AndroidManifest.xml
12
13    <supports-screens
13-->src/main/AndroidManifest.xml:4:3-163
14        android:anyDensity="true"
14-->src/main/AndroidManifest.xml:4:135-160
15        android:largeScreens="true"
15-->src/main/AndroidManifest.xml:4:78-105
16        android:normalScreens="true"
16-->src/main/AndroidManifest.xml:4:49-77
17        android:smallScreens="true"
17-->src/main/AndroidManifest.xml:4:21-48
18        android:xlargeScreens="true" />
18-->src/main/AndroidManifest.xml:4:106-134
19
20    <uses-permission android:name="android.permission.ACCESS_FINE_LOCATION" />
20-->[:unityLibrary] AndroidManifest.xml:20:5-79
20-->[:unityLibrary] AndroidManifest.xml:20:22-76
21    <uses-permission android:name="android.permission.BLUETOOTH_ADMIN" />
21-->[:unityLibrary] AndroidManifest.xml:21:5-74
21-->[:unityLibrary] AndroidManifest.xml:21:22-71
22    <uses-permission android:name="android.permission.BLUETOOTH" />
22-->[:unityLibrary] AndroidManifest.xml:22:5-68
22-->[:unityLibrary] AndroidManifest.xml:22:22-65
23
24    <uses-feature
24-->[:unityLibrary] AndroidManifest.xml:24:5-26:36
25        android:name="android.hardware.bluetooth_le"
25-->[:unityLibrary] AndroidManifest.xml:25:9-53
26        android:required="false" />
26-->[:unityLibrary] AndroidManifest.xml:26:9-33
27    <uses-feature android:glEsVersion="0x00030000" />
27-->[:unityLibrary] AndroidManifest.xml:27:5-54
27-->[:unityLibrary] AndroidManifest.xml:27:19-51
28    <uses-feature
28-->[:unityLibrary] AndroidManifest.xml:28:5-30:36
29        android:name="android.hardware.vulkan.version"
29-->[:unityLibrary] AndroidManifest.xml:29:9-55
30        android:required="false" />
30-->[:unityLibrary] AndroidManifest.xml:30:9-33
31
32    <uses-permission android:name="android.permission.INTERNET" />
32-->[:unityLibrary] AndroidManifest.xml:32:5-67
32-->[:unityLibrary] AndroidManifest.xml:32:22-64
33
34    <uses-feature
34-->[:unityLibrary] AndroidManifest.xml:34:5-36:36
35        android:name="android.hardware.touchscreen"
35-->[:unityLibrary] AndroidManifest.xml:35:9-52
36        android:required="false" />
36-->[:unityLibrary] AndroidManifest.xml:36:9-33
37    <uses-feature
37-->[:unityLibrary] AndroidManifest.xml:37:5-39:36
38        android:name="android.hardware.touchscreen.multitouch"
38-->[:unityLibrary] AndroidManifest.xml:38:9-63
39        android:required="false" />
39-->[:unityLibrary] AndroidManifest.xml:39:9-33
40    <uses-feature
40-->[:unityLibrary] AndroidManifest.xml:40:5-42:36
41        android:name="android.hardware.touchscreen.multitouch.distinct"
41-->[:unityLibrary] AndroidManifest.xml:41:9-72
42        android:required="false" />
42-->[:unityLibrary] AndroidManifest.xml:42:9-33
43
44    <application
44-->src/main/AndroidManifest.xml:5:3-116
45        android:debuggable="true"
46        android:extractNativeLibs="true"
46-->src/main/AndroidManifest.xml:5:16-48
47        android:icon="@mipmap/app_icon"
47-->src/main/AndroidManifest.xml:5:82-113
48        android:isGame="true"
48-->[:unityLibrary] AndroidManifest.xml:46:9-30
49        android:label="@string/app_name"
49-->src/main/AndroidManifest.xml:5:49-81
50        android:theme="@style/UnityThemeSelector" >
50-->[:unityLibrary] AndroidManifest.xml:48:9-50
51        <activity
51-->[:unityLibrary] AndroidManifest.xml:49:9-69:20
52            android:name="com.unity3d.player.UnityPlayerActivity"
52-->[:unityLibrary] AndroidManifest.xml:50:13-66
53            android:configChanges="mcc|mnc|locale|touchscreen|keyboard|keyboardHidden|navigation|orientation|screenLayout|uiMode|screenSize|smallestScreenSize|fontScale|layoutDirection|density"
53-->[:unityLibrary] AndroidManifest.xml:51:13-194
54            android:hardwareAccelerated="false"
54-->[:unityLibrary] AndroidManifest.xml:52:13-48
55            android:label="@string/app_name"
55-->[:unityLibrary] AndroidManifest.xml:53:13-45
56            android:launchMode="singleTask"
56-->[:unityLibrary] AndroidManifest.xml:54:13-44
57            android:screenOrientation="fullSensor" >
57-->[:unityLibrary] AndroidManifest.xml:55:13-51
58            <intent-filter>
58-->[:unityLibrary] AndroidManifest.xml:56:13-61:29
59                <action android:name="android.intent.action.MAIN" />
59-->[:unityLibrary] AndroidManifest.xml:57:17-69
59-->[:unityLibrary] AndroidManifest.xml:57:25-66
60
61                <category android:name="android.intent.category.LAUNCHER" />
61-->[:unityLibrary] AndroidManifest.xml:59:17-77
61-->[:unityLibrary] AndroidManifest.xml:59:27-74
62                <category android:name="android.intent.category.LEANBACK_LAUNCHER" />
62-->[:unityLibrary] AndroidManifest.xml:60:17-86
62-->[:unityLibrary] AndroidManifest.xml:60:27-83
63            </intent-filter>
64
65            <meta-data
65-->[:unityLibrary] AndroidManifest.xml:63:13-65:40
66                android:name="unityplayer.UnityActivity"
66-->[:unityLibrary] AndroidManifest.xml:64:17-57
67                android:value="true" />
67-->[:unityLibrary] AndroidManifest.xml:65:17-37
68            <meta-data
68-->[:unityLibrary] AndroidManifest.xml:66:13-68:40
69                android:name="android.notch_support"
69-->[:unityLibrary] AndroidManifest.xml:67:17-53
70                android:value="true" />
70-->[:unityLibrary] AndroidManifest.xml:68:17-37
71        </activity>
72
73        <meta-data
73-->[:unityLibrary] AndroidManifest.xml:71:9-73:33
74            android:name="unity.splash-mode"
74-->[:unityLibrary] AndroidManifest.xml:72:13-45
75            android:value="0" />
75-->[:unityLibrary] AndroidManifest.xml:73:13-30
76        <meta-data
76-->[:unityLibrary] AndroidManifest.xml:74:9-76:36
77            android:name="unity.splash-enable"
77-->[:unityLibrary] AndroidManifest.xml:75:13-47
78            android:value="True" />
78-->[:unityLibrary] AndroidManifest.xml:76:13-33
79        <meta-data
79-->[:unityLibrary] AndroidManifest.xml:77:9-79:50
80            android:name="notch.config"
80-->[:unityLibrary] AndroidManifest.xml:78:13-40
81            android:value="portrait|landscape" />
81-->[:unityLibrary] AndroidManifest.xml:79:13-47
82        <meta-data
82-->[:unityLibrary] AndroidManifest.xml:80:9-82:68
83            android:name="unity.build-id"
83-->[:unityLibrary] AndroidManifest.xml:81:13-42
84            android:value="dc56bce9-4b11-49b4-b007-18d026ab7313" />
84-->[:unityLibrary] AndroidManifest.xml:82:13-65
85    </application>
86
87</manifest>